TN:
SF:src\sorting\sorter.ts
FNF:0
FNH:0
LF:0
LH:0
BRF:0
BRH:0
end_of_record
TN:
SF:src\sorting\algorithms\bubble.ts
FN:5,(anonymous_0)
FN:30,(anonymous_1)
FNF:2
FNH:2
FNDA:2,(anonymous_0)
FNDA:1,(anonymous_1)
DA:6,2
DA:7,2
DA:9,2
DA:11,2
DA:12,3
DA:14,3
DA:15,15
DA:16,4
DA:17,4
DA:18,4
DA:19,4
DA:23,3
DA:24,1
DA:28,2
DA:31,1
LF:15
LH:15
BRDA:15,0,0,4
BRDA:15,0,1,11
BRDA:23,1,0,1
BRDA:23,1,1,2
BRF:4
BRH:4
end_of_record
TN:
SF:src\sorting\algorithms\insertion.ts
FN:5,(anonymous_0)
FN:22,(anonymous_1)
FNF:2
FNH:2
FNDA:2,(anonymous_0)
FNDA:1,(anonymous_1)
DA:6,2
DA:7,2
DA:9,2
DA:10,4
DA:11,4
DA:12,4
DA:13,4
DA:14,4
DA:16,4
DA:19,2
DA:23,1
LF:11
LH:11
BRDA:12,0,0,8
BRDA:12,0,1,7
BRF:2
BRH:2
end_of_record
TN:
SF:src\sorting\algorithms\merge.ts
FN:5,(anonymous_0)
FN:11,(anonymous_1)
FN:22,(anonymous_2)
FN:42,(anonymous_3)
FNF:4
FNH:4
FNDA:2,(anonymous_0)
FNDA:10,(anonymous_1)
FNDA:4,(anonymous_2)
FNDA:1,(anonymous_3)
DA:6,2
DA:8,2
DA:12,10
DA:14,10
DA:15,6
DA:18,4
DA:19,4
DA:23,4
DA:25,4
DA:26,5
DA:27,3
DA:28,3
DA:29,3
DA:32,2
DA:33,2
DA:34,2
DA:39,4
DA:43,1
LF:18
LH:18
BRDA:14,0,0,6
BRDA:14,0,1,4
BRDA:25,1,0,9
BRDA:25,1,1,7
BRDA:26,2,0,3
BRDA:26,2,1,2
BRDA:28,3,0,3
BRDA:28,3,1,0
BRDA:33,4,0,2
BRDA:33,4,1,0
BRF:10
BRH:8
end_of_record
TN:
SF:src\sorting\algorithms\quick.ts
FN:5,(anonymous_0)
FN:33,(anonymous_1)
FN:49,(anonymous_2)
FNF:3
FNH:1
FNDA:0,(anonymous_0)
FNDA:0,(anonymous_1)
FNDA:1,(anonymous_2)
DA:6,0
DA:8,0
DA:10,0
DA:11,0
DA:13,0
DA:14,0
DA:15,0
DA:17,0
DA:19,0
DA:20,0
DA:21,0
DA:24,0
DA:25,0
DA:26,0
DA:30,0
DA:34,0
DA:35,0
DA:37,0
DA:38,0
DA:39,0
DA:40,0
DA:44,0
DA:46,0
DA:50,1
LF:24
LH:1
BRDA:19,0,0,0
BRDA:19,0,1,0
BRDA:24,1,0,0
BRDA:24,1,1,0
BRDA:38,2,0,0
BRDA:38,2,1,0
BRF:6
BRH:0
end_of_record
TN:
SF:src\sorting\algorithms\selection.ts
FN:5,(anonymous_0)
FN:28,(anonymous_1)
FNF:2
FNH:2
FNDA:2,(anonymous_0)
FNDA:1,(anonymous_1)
DA:6,2
DA:7,2
DA:9,2
DA:10,5
DA:12,5
DA:13,10
DA:14,4
DA:18,5
DA:19,4
DA:20,4
DA:21,4
DA:25,2
DA:29,1
LF:13
LH:13
BRDA:13,0,0,4
BRDA:13,0,1,6
BRDA:18,1,0,4
BRDA:18,1,1,1
BRF:4
BRH:4
end_of_record
TN:
SF:src\sorting\algorithms\shell.ts
FN:5,(anonymous_0)
FN:33,(anonymous_1)
FNF:2
FNH:2
FNDA:2,(anonymous_0)
FNDA:1,(anonymous_1)
DA:6,2
DA:8,2
DA:10,2
DA:11,2
DA:12,7
DA:13,7
DA:15,7
DA:16,4
DA:17,4
DA:20,7
DA:23,2
DA:24,0
DA:26,2
DA:30,2
DA:34,1
LF:15
LH:14
BRDA:15,0,0,11
BRDA:15,0,1,10
BRDA:23,1,0,0
BRDA:23,1,1,2
BRF:4
BRH:3
end_of_record
